<?xml version="1.0" encoding="UTF-8"?>
<testsuite name="kdg.programming3.RestaurantApp.RestaurantApplicationTests" tests="1" skipped="0" failures="0" errors="0" timestamp="2025-07-24T23:14:56" hostname="LAPTOP-IBP87VAD" time="0.829">
  <properties/>
  <testcase name="contextLoads()" classname="kdg.programming3.RestaurantApp.RestaurantApplicationTests" time="0.829"/>
  <system-out><![CDATA[00:14:53.532 [Test worker] INFO org.springframework.test.context.support.AnnotationConfigContextLoaderUtils -- Could not detect default configuration classes for test class [kdg.programming3.RestaurantApp.RestaurantApplicationTests]: RestaurantApplicationTests does not declare any static, non-private, non-final, nested classes annotated with @Configuration.
00:14:53.669 [Test worker] INFO org.springframework.boot.test.context.SpringBootTestContextBootstrapper -- Found @SpringBootConfiguration kdg.programming3.RestaurantApp.RestaurantApplication for test class kdg.programming3.RestaurantApp.RestaurantApplicationTests

  .   ____          _            __ _ _
 /\\ / ___'_ __ _ _(_)_ __  __ _ \ \ \ \
( ( )\___ | '_ | '_| | '_ \/ _` | \ \ \ \
 \\/  ___)| |_)| | | | | || (_| |  ) ) ) )
  '  |____| .__|_| |_|_| |_\__, | / / / /
 =========|_|==============|___/=/_/_/_/

 :: Spring Boot ::                (v3.3.4)

2025-07-25T00:14:54.135+01:00  INFO 41808 --- [Restaurant] [    Test worker] k.p.R.RestaurantApplicationTests         : Starting RestaurantApplicationTests using Java 17.0.8.1 with PID 41808 (started by Filipe in C:\Users\Filipe\Desktop\desktop\kdg\2024-2025-resit\acs-201-programming-3-restaurant)
2025-07-25T00:14:54.135+01:00 DEBUG 41808 --- [Restaurant] [    Test worker] k.p.R.RestaurantApplicationTests         : Running with Spring Boot v3.3.4, Spring v6.1.13
2025-07-25T00:14:54.135+01:00  INFO 41808 --- [Restaurant] [    Test worker] k.p.R.RestaurantApplicationTests         : The following 1 profile is active: "dev"
2025-07-25T00:14:54.918+01:00  INFO 41808 --- [Restaurant] [    Test worker] faultConfiguringBeanFactoryPostProcessor : No bean named 'errorChannel' has been explicitly defined. Therefore, a default PublishSubscribeChannel will be created.
2025-07-25T00:14:54.934+01:00  INFO 41808 --- [Restaurant] [    Test worker] faultConfiguringBeanFactoryPostProcessor : No bean named 'integrationHeaderChannelRegistry' has been explicitly defined. Therefore, a default DefaultHeaderChannelRegistry will be created.
2025-07-25T00:14:55.488+01:00  INFO 41808 --- [Restaurant] [    Test worker] o.s.b.a.w.s.WelcomePageHandlerMapping    : Adding welcome page template: index
2025-07-25T00:14:56.163+01:00  INFO 41808 --- [Restaurant] [    Test worker] o.s.i.endpoint.EventDrivenConsumer       : Adding {logging-channel-adapter:_org.springframework.integration.errorLogger} as a subscriber to the 'errorChannel' channel
2025-07-25T00:14:56.163+01:00  INFO 41808 --- [Restaurant] [    Test worker] o.s.i.channel.PublishSubscribeChannel    : Channel 'Restaurant.errorChannel' has 1 subscriber(s).
2025-07-25T00:14:56.165+01:00  INFO 41808 --- [Restaurant] [    Test worker] o.s.i.endpoint.EventDrivenConsumer       : started bean '_org.springframework.integration.errorLogger'
2025-07-25T00:14:56.185+01:00  INFO 41808 --- [Restaurant] [    Test worker] k.p.R.RestaurantApplicationTests         : Started RestaurantApplicationTests in 2.316 seconds (process running for 3.641)
]]></system-out>
  <system-err><![CDATA[]]></system-err>
</testsuite>
